[17:24:36] [ServerMain/INFO]: [bootstrap] Running Java 21 (OpenJDK 64-Bit Server VM 21.0.9+10-LTS; Eclipse Adoptium Temurin-21.0.9+10) on Linux 6.17.0-14-generic (amd64)
[17:24:36] [ServerMain/INFO]: [bootstrap] Loading Paper 1.21.10-129-ver/1.21.10@3e25649 (2025-12-19T23:34:30Z) for Minecraft 1.21.10
[17:24:36] [ServerMain/INFO]: [PluginInitializerManager] Initializing plugins...
[17:24:36] [Paper Plugin Remapper Thread - 2/INFO]: [PluginRemapper] Remapping plugin '/home/shin/바탕화면/plugins/NationWar/build/libs/NationWar-1.4-HOTFIX.jar'...
[17:24:37] [Paper Plugin Remapper Thread - 2/INFO]: [PluginRemapper] Done remapping plugin '/home/shin/바탕화면/plugins/NationWar/build/libs/NationWar-1.4-HOTFIX.jar' in 621ms.
[17:24:37] [ServerMain/INFO]: [PluginInitializerManager] Initialized 1 plugin
[17:24:37] [ServerMain/INFO]: [PluginInitializerManager] Bukkit plugins (1):
 - NationWar (1.4-HOTFIX)
[17:24:42] [ServerMain/INFO]: Environment: Environment[sessionHost=https://sessionserver.mojang.com, servicesHost=https://api.minecraftservices.com, profilesHost=https://api.mojang.com, name=PROD]
[17:24:42] [ServerMain/INFO]: Found new data pack file/bukkit, loading it automatically
[17:24:42] [ServerMain/INFO]: Found new data pack paper, loading it automatically
[17:24:43] [ServerMain/INFO]: No existing world data, creating new world
[17:24:44] [ServerMain/INFO]: Loaded 1461 recipes
[17:24:44] [ServerMain/INFO]: Loaded 1574 advancements
[17:24:44] [ServerMain/INFO]: [ca.spottedleaf.dataconverter.minecraft.datatypes.MCTypeRegistry] Initialising converters for DataConverter...
[17:24:45] [ServerMain/INFO]: [ca.spottedleaf.dataconverter.minecraft.datatypes.MCTypeRegistry] Finished initialising converters for DataConverter in 427.8ms
[17:24:45] [Server thread/INFO]: Starting minecraft server version 1.21.10
[17:24:45] [Server thread/INFO]: Loading properties
[17:24:45] [Server thread/INFO]: This server is running Paper version 1.21.10-129-ver/1.21.10@3e25649 (2025-12-19T23:34:30Z) (Implementing API version 1.21.10-R0.1-SNAPSHOT)
[17:24:45] [Server thread/INFO]: [spark] This server bundles the spark profiler. For more information please visit https://docs.papermc.io/paper/profiling
[17:24:45] [Server thread/INFO]: Server Ping Player Sample Count: 12
[17:24:45] [Server thread/INFO]: Using 4 threads for Netty based IO
[17:24:46] [Server thread/INFO]: [MoonriseCommon] Paper is using 6 worker threads, 1 I/O threads
[17:24:46] [Server thread/INFO]: Default game type: SURVIVAL
[17:24:46] [Server thread/INFO]: Generating keypair
[17:24:46] [Server thread/INFO]: Starting Minecraft server on *:25565
[17:24:46] [Server thread/INFO]: Using epoll channel type
[17:24:46] [Server thread/INFO]: Paper: Using libdeflate (Linux x86_64) compression from Velocity.
[17:24:46] [Server thread/INFO]: Paper: Using OpenSSL 3.x.x (Linux x86_64) cipher from Velocity.
[17:24:46] [Server thread/INFO]: [NationWar] Loading server plugin NationWar v1.4-HOTFIX
[17:24:46] [Server thread/INFO]: Preparing level "world"
[17:24:47] [Server thread/INFO]: Selecting spawn point for world 'minecraft:overworld'...
[17:24:49] [Server thread/INFO]: Selecting spawn point for world 'minecraft:the_nether'...
[17:24:50] [Server thread/INFO]: Selecting spawn point for world 'minecraft:the_end'...
[17:24:50] [Server thread/INFO]: Loading 0 persistent chunks for world 'minecraft:overworld'...
[17:24:50] [Server thread/INFO]: Preparing spawn area: 100%
[17:24:50] [Server thread/INFO]: Prepared spawn area in 3300 ms
[17:24:50] [Server thread/INFO]: Loading 0 persistent chunks for world 'minecraft:the_nether'...
[17:24:50] [Server thread/INFO]: Preparing spawn area: 100%
[17:24:50] [Server thread/INFO]: Prepared spawn area in 779 ms
[17:24:50] [Server thread/INFO]: Loading 0 persistent chunks for world 'minecraft:the_end'...
[17:24:50] [Server thread/INFO]: Preparing spawn area: 100%
[17:24:50] [Server thread/INFO]: Prepared spawn area in 224 ms
[17:24:50] [Server thread/INFO]: Done preparing level "world" (3.664s)
[17:24:50] [Server thread/INFO]: [NationWar] Enabling NationWar v1.4-HOTFIX
[17:24:50] [Server thread/INFO]: [spark] Starting background profiler...
[17:24:50] [Server thread/INFO]: Running delayed init tasks
[17:24:50] [Server thread/INFO]: Done (15.613s)! For help, type "help"
[17:24:50] [Server thread/INFO]: *************************************************************************************
[17:24:50] [Server thread/INFO]: This is the first time you're starting this server.
[17:24:50] [Server thread/INFO]: It's recommended you read our 'Getting Started' documentation for guidance.
[17:24:50] [Server thread/INFO]: View this and more helpful information here: https://docs.papermc.io/paper/next-steps
[17:24:50] [Server thread/INFO]: *************************************************************************************
[17:25:09] [Server thread/INFO]: 
[17:25:09] [Server thread/INFO]: [ ! ] ------------------------------------------ [ ! ]
[17:25:09] [Server thread/INFO]: 
[17:25:09] [Server thread/INFO]:    ▣ 국가전쟁 점령 시간 ▣
[17:25:09] [Server thread/INFO]: 
[17:25:09] [Server thread/INFO]:    지금 이 순간부터 8시까지 점령시간이 활성화되었습니다.
[17:25:09] [Server thread/INFO]:    자신의 코어를 지키고, 적의 코어를 꿰뚫으십시오.
[17:25:09] [Server thread/INFO]: 
[17:25:09] [Server thread/INFO]: [ ! ] ------------------------------------------ [ ! ]
[17:25:09] [Server thread/INFO]: 
[17:25:09] [Server thread/INFO]: [NationWar] [Core] 보호막 상태 변경: 해제(공격가능)
[17:27:48] [Server thread/INFO]: Stopping the server
[17:27:48] [Server thread/INFO]: Stopping server
[17:27:48] [Server thread/INFO]: [NationWar] Disabling NationWar v1.4-HOTFIX
[17:27:48] [Server thread/INFO]: [NationWar] NationWar 플러그인이 안전하게 종료되었습니다.
[17:27:48] [Server thread/INFO]: Saving players
[17:27:48] [Server thread/INFO]: Saving worlds
[17:27:48] [Server thread/INFO]: Saving chunks for level 'ServerLevel[world]'/minecraft:overworld
[17:27:48] [Server thread/INFO]: [ChunkHolderManager] Waiting 60s for chunk system to halt for world 'world'
[17:27:48] [Server thread/INFO]: [ChunkHolderManager] Halted chunk system for world 'world'
[17:27:48] [Server thread/INFO]: [ChunkHolderManager] Saving all chunkholders for world 'world'
[17:27:48] [Server thread/INFO]: [ChunkHolderManager] Saved 0 block chunks, 0 entity chunks, 0 poi chunks in world 'world' in 0.06s
[17:27:48] [Server thread/INFO]: [ChunkHolderManager] Waiting 60s for chunk I/O to halt for world 'world'
[17:27:48] [Server thread/INFO]: [ChunkHolderManager] Halted I/O scheduler for world 'world'
[17:27:48] [Server thread/INFO]: Saving chunks for level 'ServerLevel[world_nether]'/minecraft:the_nether
[17:27:48] [Server thread/INFO]: [ChunkHolderManager] Waiting 60s for chunk system to halt for world 'world_nether'
[17:27:48] [Server thread/INFO]: [ChunkHolderManager] Halted chunk system for world 'world_nether'
[17:27:48] [Server thread/INFO]: [ChunkHolderManager] Saving all chunkholders for world 'world_nether'
[17:27:48] [Server thread/INFO]: [ChunkHolderManager] Saved 0 block chunks, 0 entity chunks, 0 poi chunks in world 'world_nether' in 0.01s
[17:27:48] [Server thread/INFO]: [ChunkHolderManager] Waiting 60s for chunk I/O to halt for world 'world_nether'
[17:27:48] [Server thread/INFO]: [ChunkHolderManager] Halted I/O scheduler for world 'world_nether'
[17:27:48] [Server thread/INFO]: Saving chunks for level 'ServerLevel[world_the_end]'/minecraft:the_end
[17:27:48] [Server thread/INFO]: [ChunkHolderManager] Waiting 60s for chunk system to halt for world 'world_the_end'
[17:27:48] [Server thread/INFO]: [ChunkHolderManager] Halted chunk system for world 'world_the_end'
[17:27:48] [Server thread/INFO]: [ChunkHolderManager] Saving all chunkholders for world 'world_the_end'
[17:27:48] [Server thread/INFO]: [ChunkHolderManager] Saved 0 block chunks, 0 entity chunks, 0 poi chunks in world 'world_the_end' in 0.01s
[17:27:48] [Server thread/INFO]: [ChunkHolderManager] Waiting 60s for chunk I/O to halt for world 'world_the_end'
[17:27:48] [Server thread/INFO]: [ChunkHolderManager] Halted I/O scheduler for world 'world_the_end'
[17:27:48] [Server thread/INFO]: ThreadedAnvilChunkStorage (world): All chunks are saved
[17:27:48] [Server thread/INFO]: ThreadedAnvilChunkStorage (DIM-1): All chunks are saved
[17:27:48] [Server thread/INFO]: ThreadedAnvilChunkStorage (DIM1): All chunks are saved
[17:27:48] [Server thread/INFO]: ThreadedAnvilChunkStorage: All dimensions are saved
[17:27:48] [Server thread/INFO]: Waiting for all RegionFile I/O tasks to complete...
[17:27:48] [Server thread/INFO]: All RegionFile I/O tasks to complete
[17:27:48] [Server thread/INFO]: [MoonriseCommon] Awaiting termination of worker pool for up to 60s...
[17:27:48] [Server thread/INFO]: [MoonriseCommon] Awaiting termination of I/O pool for up to 60s...
